This file contains any messages produced by compilers while
running configure, to aid debugging if configure makes a mistake.

It was created by hpl-ai configure 0.1, which was
generated by GNU Autoconf 2.71.  Invocation command line was

  $ ./configure

## --------- ##
## Platform. ##
## --------- ##

hostname = cg
uname -m = aarch64
uname -r = 4.19.90-2110.8.0.0119.oe1.aarch64
uname -s = Linux
uname -v = #1 SMP Wed Oct 27 10:35:51 UTC 2021

/usr/bin/uname -p = aarch64
/bin/uname -X     = unknown

/bin/arch              = aarch64
/usr/bin/arch -k       = unknown
/usr/convex/getsysinfo = unknown
/usr/bin/hostinfo      = unknown
/bin/machine           = unknown
/usr/bin/oslevel       = unknown
/bin/universe          = unknown

PATH: /mnt/cgshare/BishengCompiler/bin/
PATH: /mnt/cgshare/BishengCompiler/bin/
PATH: /usr/local/sbin/
PATH: /usr/local/bin/
PATH: /usr/sbin/
PATH: /usr/bin/
PATH: /sbin/
PATH: /bin/


## ----------- ##
## Core tests. ##
## ----------- ##

configure:2281: looking for aux files: compile missing install-sh
configure:2294:  trying ./
configure:2323:   ./compile found
configure:2323:   ./missing found
configure:2305:   ./install-sh found
configure:2456: checking for a BSD-compatible install
configure:2529: result: /usr/bin/install -c
configure:2543: checking whether build environment is sane
configure:2598: result: yes
configure:2757: checking for a race-free mkdir -p
configure:2801: result: /usr/bin/mkdir -p
configure:2808: checking for gawk
configure:2829: found /usr/bin/gawk
configure:2840: result: gawk
configure:2851: checking whether make sets $(MAKE)
configure:2874: result: yes
configure:2904: checking whether make supports nested variables
configure:2922: result: yes
configure:3072: checking whether make supports the include directive
configure:3087: make -f confmf.GNU && cat confinc.out
this is the am__doit target
configure:3090: $? = 0
configure:3109: result: yes (GNU style)
configure:3185: checking for gcc
configure:3206: found /usr/bin/gcc
configure:3217: result: gcc
configure:3570: checking for C compiler version
configure:3579: gcc --version >&5
gcc (GCC) 10.3.1
Copyright (C) 2020 Free Software Foundation, Inc.
This is free software; see the source for copying conditions.  There is NO
warranty; not even for MERCHANTABILITY or FITNESS FOR A PARTICULAR PURPOSE.

configure:3590: $? = 0
configure:3579: gcc -v >&5
Using built-in specs.
COLLECT_GCC=gcc
COLLECT_LTO_WRAPPER=/usr/libexec/gcc/aarch64-linux-gnu/10.3.1/lto-wrapper
Target: aarch64-linux-gnu
Configured with: ../configure --prefix=/usr --mandir=/usr/share/man --infodir=/usr/share/info --enable-shared --enable-threads=posix --enable-checking=release --with-system-zlib --enable-__cxa_atexit --disable-libunwind-exceptions --enable-gnu-unique-object --enable-linker-build-id --with-linker-hash-style=gnu --enable-languages=c,c++,objc,obj-c++,fortran,lto --enable-plugin --enable-initfini-array --disable-libgcj --without-cloog --enable-gnu-indirect-function --build=aarch64-linux-gnu --with-stage1-ldflags=' -Wl,-z,relro,-z,now' --with-boot-ldflags=' -Wl,-z,relro,-z,now' --disable-bootstrap --without-isl --with-multilib-list=lp64 --enable-bolt
Thread model: posix
Supported LTO compression algorithms: zlib
gcc version 10.3.1 (GCC) 
configure:3590: $? = 0
configure:3579: gcc -V >&5
gcc: error: unrecognized command-line option '-V'
gcc: fatal error: no input files
compilation terminated.
configure:3590: $? = 1
configure:3579: gcc -qversion >&5
gcc: error: unrecognized command-line option '-qversion'; did you mean '--version'?
gcc: fatal error: no input files
compilation terminated.
configure:3590: $? = 1
configure:3579: gcc -version >&5
gcc: error: unrecognized command-line option '-version'
gcc: fatal error: no input files
compilation terminated.
configure:3590: $? = 1
configure:3610: checking whether the C compiler works
configure:3632: gcc    conftest.c  >&5
configure:3636: $? = 0
configure:3686: result: yes
configure:3689: checking for C compiler default output file name
configure:3691: result: a.out
configure:3697: checking for suffix of executables
configure:3704: gcc -o conftest    conftest.c  >&5
configure:3708: $? = 0
configure:3731: result: 
configure:3753: checking whether we are cross compiling
configure:3761: gcc -o conftest    conftest.c  >&5
configure:3765: $? = 0
configure:3772: ./conftest
configure:3776: $? = 0
configure:3791: result: no
configure:3796: checking for suffix of object files
configure:3819: gcc -c   conftest.c >&5
configure:3823: $? = 0
configure:3845: result: o
configure:3849: checking whether the compiler supports GNU C
configure:3869: gcc -c   conftest.c >&5
configure:3869: $? = 0
configure:3879: result: yes
configure:3890: checking whether gcc accepts -g
configure:3911: gcc -c -g  conftest.c >&5
configure:3911: $? = 0
configure:3955: result: yes
configure:3975: checking for gcc option to enable C11 features
configure:3990: gcc  -c -g -O2  conftest.c >&5
configure:3990: $? = 0
configure:4008: result: none needed
configure:4124: checking whether gcc understands -c and -o together
configure:4147: gcc -c conftest.c -o conftest2.o
configure:4150: $? = 0
configure:4147: gcc -c conftest.c -o conftest2.o
configure:4150: $? = 0
configure:4162: result: yes
configure:4181: checking dependency style of gcc
configure:4293: result: gcc3
configure:4317: checking for stdio.h
configure:4317: gcc -c -g -O2  conftest.c >&5
configure:4317: $? = 0
configure:4317: result: yes
configure:4317: checking for stdlib.h
configure:4317: gcc -c -g -O2  conftest.c >&5
configure:4317: $? = 0
configure:4317: result: yes
configure:4317: checking for string.h
configure:4317: gcc -c -g -O2  conftest.c >&5
configure:4317: $? = 0
configure:4317: result: yes
configure:4317: checking for inttypes.h
configure:4317: gcc -c -g -O2  conftest.c >&5
configure:4317: $? = 0
configure:4317: result: yes
configure:4317: checking for stdint.h
configure:4317: gcc -c -g -O2  conftest.c >&5
configure:4317: $? = 0
configure:4317: result: yes
configure:4317: checking for strings.h
configure:4317: gcc -c -g -O2  conftest.c >&5
configure:4317: $? = 0
configure:4317: result: yes
configure:4317: checking for sys/stat.h
configure:4317: gcc -c -g -O2  conftest.c >&5
configure:4317: $? = 0
configure:4317: result: yes
configure:4317: checking for sys/types.h
configure:4317: gcc -c -g -O2  conftest.c >&5
configure:4317: $? = 0
configure:4317: result: yes
configure:4317: checking for unistd.h
configure:4317: gcc -c -g -O2  conftest.c >&5
configure:4317: $? = 0
configure:4317: result: yes
configure:4342: checking for sys/time.h
configure:4342: gcc -c -g -O2  conftest.c >&5
configure:4342: $? = 0
configure:4342: result: yes
configure:4348: checking for math.h
configure:4348: gcc -c -g -O2  conftest.c >&5
configure:4348: $? = 0
configure:4348: result: yes
configure:4356: checking for library containing sqrt
configure:4386: gcc -o conftest -g -O2   conftest.c  >&5
conftest.c:27:6: warning: conflicting types for built-in function 'sqrt'; expected 'double(double)' [-Wbuiltin-declaration-mismatch]
   27 | char sqrt ();
      |      ^~~~
conftest.c:1:1: note: 'sqrt' is declared in header '<math.h>'
    1 | /* confdefs.h */
/usr/bin/ld: /tmp/ccsDXmGu.o: in function `main':
/mnt/cgshare/Euler0008_HPC_AI_Apps-AutoMxPrec/hpl-ai/conftest.c:31: undefined reference to `sqrt'
collect2: error: ld returned 1 exit status
configure:4386: $? = 1
configure: failed program was:
| /* confdefs.h */
| #define PACKAGE_NAME "hpl-ai"
| #define PACKAGE_TARNAME "hpl-ai"
| #define PACKAGE_VERSION "0.1"
| #define PACKAGE_STRING "hpl-ai 0.1"
| #define PACKAGE_BUGREPORT "hpl-ai@icl.utk.edu"
| #define PACKAGE_URL ""
| #define PACKAGE "hpl-ai"
| #define VERSION "0.1"
| #define HAVE_STDIO_H 1
| #define HAVE_STDLIB_H 1
| #define HAVE_STRING_H 1
| #define HAVE_INTTYPES_H 1
| #define HAVE_STDINT_H 1
| #define HAVE_STRINGS_H 1
| #define HAVE_SYS_STAT_H 1
| #define HAVE_SYS_TYPES_H 1
| #define HAVE_UNISTD_H 1
| #define STDC_HEADERS 1
| #define HAVE_SYS_TIME_H 1
| #define HAVE_MATH_H 1
| /* end confdefs.h.  */
| 
| /* Override any GCC internal prototype to avoid an error.
|    Use char because int might match the return type of a GCC
|    builtin and then its argument prototype would still apply.  */
| char sqrt ();
| int
| main (void)
| {
| return sqrt ();
|   ;
|   return 0;
| }
configure:4386: gcc -o conftest -g -O2   conftest.c -lm   >&5
conftest.c:27:6: warning: conflicting types for built-in function 'sqrt'; expected 'double(double)' [-Wbuiltin-declaration-mismatch]
   27 | char sqrt ();
      |      ^~~~
conftest.c:1:1: note: 'sqrt' is declared in header '<math.h>'
    1 | /* confdefs.h */
configure:4386: $? = 0
configure:4406: result: -lm
configure:4418: checking for fabs
configure:4418: gcc -o conftest -g -O2   conftest.c -lm  >&5
conftest.c:39:6: warning: conflicting types for built-in function 'fabs'; expected 'double(double)' [-Wbuiltin-declaration-mismatch]
   39 | char fabs ();
      |      ^~~~
conftest.c:31:1: note: 'fabs' is declared in header '<math.h>'
   30 | #include <limits.h>
   31 | #undef fabs
configure:4418: $? = 0
configure:4418: result: yes
configure:4530: checking that generated files are newer than configure
configure:4536: result: done
configure:4559: creating ./config.status

## ---------------------- ##
## Running config.status. ##
## ---------------------- ##

This file was extended by hpl-ai config.status 0.1, which was
generated by GNU Autoconf 2.71.  Invocation command line was

  CONFIG_FILES    = 
  CONFIG_HEADERS  = 
  CONFIG_LINKS    = 
  CONFIG_COMMANDS = 
  $ ./config.status 

on cg

config.status:849: creating Makefile
config.status:849: creating hpl-ai-config.h
config.status:1078: executing depfiles commands
config.status:1155: cd .       && sed -e '/# am--include-marker/d' Makefile         | make -f - am--depfiles
config.status:1160: $? = 0

## ---------------- ##
## Cache variables. ##
## ---------------- ##

ac_cv_c_compiler_gnu=yes
ac_cv_env_CC_set=
ac_cv_env_CC_value=
ac_cv_env_CFLAGS_set=
ac_cv_env_CFLAGS_value=
ac_cv_env_CPPFLAGS_set=
ac_cv_env_CPPFLAGS_value=
ac_cv_env_LDFLAGS_set=
ac_cv_env_LDFLAGS_value=
ac_cv_env_LIBS_set=
ac_cv_env_LIBS_value=
ac_cv_env_build_alias_set=
ac_cv_env_build_alias_value=
ac_cv_env_host_alias_set=
ac_cv_env_host_alias_value=
ac_cv_env_target_alias_set=
ac_cv_env_target_alias_value=
ac_cv_func_fabs=yes
ac_cv_header_inttypes_h=yes
ac_cv_header_math_h=yes
ac_cv_header_stdint_h=yes
ac_cv_header_stdio_h=yes
ac_cv_header_stdlib_h=yes
ac_cv_header_string_h=yes
ac_cv_header_strings_h=yes
ac_cv_header_sys_stat_h=yes
ac_cv_header_sys_time_h=yes
ac_cv_header_sys_types_h=yes
ac_cv_header_unistd_h=yes
ac_cv_objext=o
ac_cv_path_install='/usr/bin/install -c'
ac_cv_path_mkdir=/usr/bin/mkdir
ac_cv_prog_AWK=gawk
ac_cv_prog_ac_ct_CC=gcc
ac_cv_prog_cc_c11=
ac_cv_prog_cc_g=yes
ac_cv_prog_cc_stdc=
ac_cv_prog_make_make_set=yes
ac_cv_search_sqrt=-lm
am_cv_CC_dependencies_compiler_type=gcc3
am_cv_make_support_nested_variables=yes
am_cv_prog_cc_c_o=yes
am_cv_prog_cc_stdc=

## ----------------- ##
## Output variables. ##
## ----------------- ##

ACLOCAL='${SHELL} '\''/mnt/cgshare/Euler0008_HPC_AI_Apps-AutoMxPrec/hpl-ai/missing'\'' aclocal-1.16'
AMDEPBACKSLASH='\'
AMDEP_FALSE='#'
AMDEP_TRUE=''
AMTAR='$${TAR-tar}'
AM_BACKSLASH='\'
AM_DEFAULT_V='$(AM_DEFAULT_VERBOSITY)'
AM_DEFAULT_VERBOSITY='1'
AM_V='$(V)'
AUTOCONF='${SHELL} '\''/mnt/cgshare/Euler0008_HPC_AI_Apps-AutoMxPrec/hpl-ai/missing'\'' autoconf'
AUTOHEADER='${SHELL} '\''/mnt/cgshare/Euler0008_HPC_AI_Apps-AutoMxPrec/hpl-ai/missing'\'' autoheader'
AUTOMAKE='${SHELL} '\''/mnt/cgshare/Euler0008_HPC_AI_Apps-AutoMxPrec/hpl-ai/missing'\'' automake-1.16'
AWK='gawk'
CC='gcc'
CCDEPMODE='depmode=gcc3'
CFLAGS='-g -O2'
CPPFLAGS=''
CSCOPE='cscope'
CTAGS='ctags'
CYGPATH_W='echo'
DEFS='-DHAVE_CONFIG_H'
DEPDIR='.deps'
ECHO_C=''
ECHO_N='-n'
ECHO_T=''
ETAGS='etags'
EXEEXT=''
INSTALL_DATA='${INSTALL} -m 644'
INSTALL_PROGRAM='${INSTALL}'
INSTALL_SCRIPT='${INSTALL}'
INSTALL_STRIP_PROGRAM='$(install_sh) -c -s'
LDFLAGS=''
LIBOBJS=''
LIBS='-lm '
LTLIBOBJS=''
MAKEINFO='${SHELL} '\''/mnt/cgshare/Euler0008_HPC_AI_Apps-AutoMxPrec/hpl-ai/missing'\'' makeinfo'
MKDIR_P='/usr/bin/mkdir -p'
OBJEXT='o'
PACKAGE='hpl-ai'
PACKAGE_BUGREPORT='hpl-ai@icl.utk.edu'
PACKAGE_NAME='hpl-ai'
PACKAGE_STRING='hpl-ai 0.1'
PACKAGE_TARNAME='hpl-ai'
PACKAGE_URL=''
PACKAGE_VERSION='0.1'
PATH_SEPARATOR=':'
SET_MAKE=''
SHELL='/bin/sh'
STRIP=''
VERSION='0.1'
ac_ct_CC='gcc'
am__EXEEXT_FALSE=''
am__EXEEXT_TRUE='#'
am__fastdepCC_FALSE='#'
am__fastdepCC_TRUE=''
am__include='include'
am__isrc=''
am__leading_dot='.'
am__nodep='_no'
am__quote=''
am__tar='$${TAR-tar} chof - "$$tardir"'
am__untar='$${TAR-tar} xf -'
bindir='${exec_prefix}/bin'
build_alias=''
datadir='${datarootdir}'
datarootdir='${prefix}/share'
docdir='${datarootdir}/doc/${PACKAGE_TARNAME}'
dvidir='${docdir}'
exec_prefix='${prefix}'
host_alias=''
htmldir='${docdir}'
includedir='${prefix}/include'
infodir='${datarootdir}/info'
install_sh='${SHELL} /mnt/cgshare/Euler0008_HPC_AI_Apps-AutoMxPrec/hpl-ai/install-sh'
libdir='${exec_prefix}/lib'
libexecdir='${exec_prefix}/libexec'
localedir='${datarootdir}/locale'
localstatedir='${prefix}/var'
mandir='${datarootdir}/man'
mkdir_p='$(MKDIR_P)'
oldincludedir='/usr/include'
pdfdir='${docdir}'
prefix='/usr/local'
program_transform_name='s,x,x,'
psdir='${docdir}'
runstatedir='${localstatedir}/run'
sbindir='${exec_prefix}/sbin'
sharedstatedir='${prefix}/com'
sysconfdir='${prefix}/etc'
target_alias=''

## ----------- ##
## confdefs.h. ##
## ----------- ##

/* confdefs.h */
#define PACKAGE_NAME "hpl-ai"
#define PACKAGE_TARNAME "hpl-ai"
#define PACKAGE_VERSION "0.1"
#define PACKAGE_STRING "hpl-ai 0.1"
#define PACKAGE_BUGREPORT "hpl-ai@icl.utk.edu"
#define PACKAGE_URL ""
#define PACKAGE "hpl-ai"
#define VERSION "0.1"
#define HAVE_STDIO_H 1
#define HAVE_STDLIB_H 1
#define HAVE_STRING_H 1
#define HAVE_INTTYPES_H 1
#define HAVE_STDINT_H 1
#define HAVE_STRINGS_H 1
#define HAVE_SYS_STAT_H 1
#define HAVE_SYS_TYPES_H 1
#define HAVE_UNISTD_H 1
#define STDC_HEADERS 1
#define HAVE_SYS_TIME_H 1
#define HAVE_MATH_H 1
#define HAVE_FABS 1

configure: exit 0
